Determining if the pthread_create exist failed with the following output:
Change Dir: /home/ryan/robot_project/build/turtlebot3_navigation/CMakeFiles/CMakeTmp

Run Build Command:"/usr/bin/make" "cmTC_ddbed/fast"
/usr/bin/make -f CMakeFiles/cmTC_ddbed.dir/build.make CMakeFiles/cmTC_ddbed.dir/build
make[1]: Entering directory '/home/ryan/robot_project/build/turtlebot3_navigation/CMakeFiles/CMakeTmp'
Building C object CMakeFiles/cmTC_ddbed.dir/CheckSymbolExists.c.o
/usr/bin/cc    -o CMakeFiles/cmTC_ddbed.dir/CheckSymbolExists.c.o   -c /home/ryan/robot_project/build/turtlebot3_navigation/CMakeFiles/CMakeTmp/CheckSymbolExists.c
Linking C executable cmTC_ddbed
/usr/bin/cmake -E cmake_link_script CMakeFiles/cmTC_ddbed.dir/link.txt --verbose=1
/usr/bin/cc      -rdynamic CMakeFiles/cmTC_ddbed.dir/CheckSymbolExists.c.o  -o cmTC_ddbed 
CMakeFiles/cmTC_ddbed.dir/CheckSymbolExists.c.o: In function `main':
CheckSymbolExists.c:(.text+0x1b): undefined reference to `pthread_create'
collect2: error: ld returned 1 exit status
CMakeFiles/cmTC_ddbed.dir/build.make:97: recipe for target 'cmTC_ddbed' failed
make[1]: *** [cmTC_ddbed] Error 1
make[1]: Leaving directory '/home/ryan/robot_project/build/turtlebot3_navigation/CMakeFiles/CMakeTmp'
Makefile:126: recipe for target 'cmTC_ddbed/fast' failed
make: *** [cmTC_ddbed/fast] Error 2

File /home/ryan/robot_project/build/turtlebot3_navigation/CMakeFiles/CMakeTmp/CheckSymbolExists.c:
/* */
#include <pthread.h>

int main(int argc, char** argv)
{
  (void)argv;
#ifndef pthread_create
  return ((int*)(&pthread_create))[argc];
#else
  (void)argc;
  return 0;
#endif
}

Determining if the function pthread_create exists in the pthreads failed with the following output:
Change Dir: /home/ryan/robot_project/build/turtlebot3_navigation/CMakeFiles/CMakeTmp

Run Build Command:"/usr/bin/make" "cmTC_7dd08/fast"
/usr/bin/make -f CMakeFiles/cmTC_7dd08.dir/build.make CMakeFiles/cmTC_7dd08.dir/build
make[1]: Entering directory '/home/ryan/robot_project/build/turtlebot3_navigation/CMakeFiles/CMakeTmp'
Building C object CMakeFiles/cmTC_7dd08.dir/CheckFunctionExists.c.o
/usr/bin/cc   -DCHECK_FUNCTION_EXISTS=pthread_create   -o CMakeFiles/cmTC_7dd08.dir/CheckFunctionExists.c.o   -c /usr/share/cmake-3.10/Modules/CheckFunctionExists.c
Linking C executable cmTC_7dd08
/usr/bin/cmake -E cmake_link_script CMakeFiles/cmTC_7dd08.dir/link.txt --verbose=1
/usr/bin/cc  -DCHECK_FUNCTION_EXISTS=pthread_create    -rdynamic CMakeFiles/cmTC_7dd08.dir/CheckFunctionExists.c.o  -o cmTC_7dd08 -lpthreads 
/usr/bin/ld: cannot find -lpthreads
collect2: error: ld returned 1 exit status
CMakeFiles/cmTC_7dd08.dir/build.make:97: recipe for target 'cmTC_7dd08' failed
make[1]: *** [cmTC_7dd08] Error 1
make[1]: Leaving directory '/home/ryan/robot_project/build/turtlebot3_navigation/CMakeFiles/CMakeTmp'
Makefile:126: recipe for target 'cmTC_7dd08/fast' failed
make: *** [cmTC_7dd08/fast] Error 2


