Determining if the pthread_create exist failed with the following output:
Change Dir: /home/ryan/robot_project/build/catkin_tools_prebuild/CMakeFiles/CMakeTmp

Run Build Command:"/usr/bin/make" "cmTC_51fac/fast"
/usr/bin/make -f CMakeFiles/cmTC_51fac.dir/build.make CMakeFiles/cmTC_51fac.dir/build
make[1]: Entering directory '/home/ryan/robot_project/build/catkin_tools_prebuild/CMakeFiles/CMakeTmp'
Building C object CMakeFiles/cmTC_51fac.dir/CheckSymbolExists.c.o
/usr/bin/cc    -o CMakeFiles/cmTC_51fac.dir/CheckSymbolExists.c.o   -c /home/ryan/robot_project/build/catkin_tools_prebuild/CMakeFiles/CMakeTmp/CheckSymbolExists.c
Linking C executable cmTC_51fac
/usr/bin/cmake -E cmake_link_script CMakeFiles/cmTC_51fac.dir/link.txt --verbose=1
/usr/bin/cc      -rdynamic CMakeFiles/cmTC_51fac.dir/CheckSymbolExists.c.o  -o cmTC_51fac 
CMakeFiles/cmTC_51fac.dir/CheckSymbolExists.c.o: In function `main':
CheckSymbolExists.c:(.text+0x1b): undefined reference to `pthread_create'
collect2: error: ld returned 1 exit status
CMakeFiles/cmTC_51fac.dir/build.make:97: recipe for target 'cmTC_51fac' failed
make[1]: *** [cmTC_51fac] Error 1
make[1]: Leaving directory '/home/ryan/robot_project/build/catkin_tools_prebuild/CMakeFiles/CMakeTmp'
Makefile:126: recipe for target 'cmTC_51fac/fast' failed
make: *** [cmTC_51fac/fast] Error 2

File /home/ryan/robot_project/build/catkin_tools_prebuild/CMakeFiles/CMakeTmp/CheckSymbolExists.c:
/* */
#include <pthread.h>

int main(int argc, char** argv)
{
  (void)argv;
#ifndef pthread_create
  return ((int*)(&pthread_create))[argc];
#else
  (void)argc;
  return 0;
#endif
}

Determining if the function pthread_create exists in the pthreads failed with the following output:
Change Dir: /home/ryan/robot_project/build/catkin_tools_prebuild/CMakeFiles/CMakeTmp

Run Build Command:"/usr/bin/make" "cmTC_eb6ad/fast"
/usr/bin/make -f CMakeFiles/cmTC_eb6ad.dir/build.make CMakeFiles/cmTC_eb6ad.dir/build
make[1]: Entering directory '/home/ryan/robot_project/build/catkin_tools_prebuild/CMakeFiles/CMakeTmp'
Building C object CMakeFiles/cmTC_eb6ad.dir/CheckFunctionExists.c.o
/usr/bin/cc   -DCHECK_FUNCTION_EXISTS=pthread_create   -o CMakeFiles/cmTC_eb6ad.dir/CheckFunctionExists.c.o   -c /usr/share/cmake-3.10/Modules/CheckFunctionExists.c
Linking C executable cmTC_eb6ad
/usr/bin/cmake -E cmake_link_script CMakeFiles/cmTC_eb6ad.dir/link.txt --verbose=1
/usr/bin/cc  -DCHECK_FUNCTION_EXISTS=pthread_create    -rdynamic CMakeFiles/cmTC_eb6ad.dir/CheckFunctionExists.c.o  -o cmTC_eb6ad -lpthreads 
/usr/bin/ld: cannot find -lpthreads
collect2: error: ld returned 1 exit status
CMakeFiles/cmTC_eb6ad.dir/build.make:97: recipe for target 'cmTC_eb6ad' failed
make[1]: *** [cmTC_eb6ad] Error 1
make[1]: Leaving directory '/home/ryan/robot_project/build/catkin_tools_prebuild/CMakeFiles/CMakeTmp'
Makefile:126: recipe for target 'cmTC_eb6ad/fast' failed
make: *** [cmTC_eb6ad/fast] Error 2


