Determining if the pthread_create exist failed with the following output:
Change Dir: /home/ryan/robot_project/build/yolov3_pytorch_ros/CMakeFiles/CMakeTmp

Run Build Command:"/usr/bin/make" "cmTC_4a1ca/fast"
/usr/bin/make -f CMakeFiles/cmTC_4a1ca.dir/build.make CMakeFiles/cmTC_4a1ca.dir/build
make[1]: Entering directory '/home/ryan/robot_project/build/yolov3_pytorch_ros/CMakeFiles/CMakeTmp'
Building C object CMakeFiles/cmTC_4a1ca.dir/CheckSymbolExists.c.o
/usr/bin/cc    -o CMakeFiles/cmTC_4a1ca.dir/CheckSymbolExists.c.o   -c /home/ryan/robot_project/build/yolov3_pytorch_ros/CMakeFiles/CMakeTmp/CheckSymbolExists.c
Linking C executable cmTC_4a1ca
/usr/bin/cmake -E cmake_link_script CMakeFiles/cmTC_4a1ca.dir/link.txt --verbose=1
/usr/bin/cc      -rdynamic CMakeFiles/cmTC_4a1ca.dir/CheckSymbolExists.c.o  -o cmTC_4a1ca 
CMakeFiles/cmTC_4a1ca.dir/CheckSymbolExists.c.o: In function `main':
CheckSymbolExists.c:(.text+0x1b): undefined reference to `pthread_create'
collect2: error: ld returned 1 exit status
CMakeFiles/cmTC_4a1ca.dir/build.make:97: recipe for target 'cmTC_4a1ca' failed
make[1]: *** [cmTC_4a1ca] Error 1
make[1]: Leaving directory '/home/ryan/robot_project/build/yolov3_pytorch_ros/CMakeFiles/CMakeTmp'
Makefile:126: recipe for target 'cmTC_4a1ca/fast' failed
make: *** [cmTC_4a1ca/fast] Error 2

File /home/ryan/robot_project/build/yolov3_pytorch_ros/CMakeFiles/CMakeTmp/CheckSymbolExists.c:
/* */
#include <pthread.h>

int main(int argc, char** argv)
{
  (void)argv;
#ifndef pthread_create
  return ((int*)(&pthread_create))[argc];
#else
  (void)argc;
  return 0;
#endif
}

Determining if the function pthread_create exists in the pthreads failed with the following output:
Change Dir: /home/ryan/robot_project/build/yolov3_pytorch_ros/CMakeFiles/CMakeTmp

Run Build Command:"/usr/bin/make" "cmTC_849cc/fast"
/usr/bin/make -f CMakeFiles/cmTC_849cc.dir/build.make CMakeFiles/cmTC_849cc.dir/build
make[1]: Entering directory '/home/ryan/robot_project/build/yolov3_pytorch_ros/CMakeFiles/CMakeTmp'
Building C object CMakeFiles/cmTC_849cc.dir/CheckFunctionExists.c.o
/usr/bin/cc   -DCHECK_FUNCTION_EXISTS=pthread_create   -o CMakeFiles/cmTC_849cc.dir/CheckFunctionExists.c.o   -c /usr/share/cmake-3.10/Modules/CheckFunctionExists.c
Linking C executable cmTC_849cc
/usr/bin/cmake -E cmake_link_script CMakeFiles/cmTC_849cc.dir/link.txt --verbose=1
/usr/bin/cc  -DCHECK_FUNCTION_EXISTS=pthread_create    -rdynamic CMakeFiles/cmTC_849cc.dir/CheckFunctionExists.c.o  -o cmTC_849cc -lpthreads 
/usr/bin/ld: cannot find -lpthreads
collect2: error: ld returned 1 exit status
CMakeFiles/cmTC_849cc.dir/build.make:97: recipe for target 'cmTC_849cc' failed
make[1]: *** [cmTC_849cc] Error 1
make[1]: Leaving directory '/home/ryan/robot_project/build/yolov3_pytorch_ros/CMakeFiles/CMakeTmp'
Makefile:126: recipe for target 'cmTC_849cc/fast' failed
make: *** [cmTC_849cc/fast] Error 2


