[35m[1mScanning dependencies of target _dynamixel_ros_control_generate_messages_check_deps_HomingActionResult[0m
[35m[1mScanning dependencies of target std_msgs_generate_messages_cpp[0m
[35m[1mScanning dependencies of target _dynamixel_ros_control_generate_messages_check_deps_HomingActionGoal[0m
[35m[1mScanning dependencies of target _dynamixel_ros_control_generate_messages_check_deps_HomingFeedback[0m
[35m[1mScanning dependencies of target _dynamixel_ros_control_generate_messages_check_deps_HomingResult[0m
[35m[1mScanning dependencies of target _dynamixel_ros_control_generate_messages_check_deps_HomingActionFeedback[0m
[35m[1mScanning dependencies of target actionlib_msgs_generate_messages_cpp[0m
[35m[1mScanning dependencies of target _dynamixel_ros_control_generate_messages_check_deps_HomingGoal[0m
[35m[1mScanning dependencies of target _dynamixel_ros_control_generate_messages_check_deps_HomingAction[0m
[  0%] Built target std_msgs_generate_messages_cpp
[  0%] Built target actionlib_msgs_generate_messages_cpp
[35m[1mScanning dependencies of target std_msgs_generate_messages_lisp[0m
[35m[1mScanning dependencies of target actionlib_msgs_generate_messages_lisp[0m
[  0%] Built target actionlib_msgs_generate_messages_lisp
[  0%] Built target _dynamixel_ros_control_generate_messages_check_deps_HomingActionFeedback
[  0%] Built target _dynamixel_ros_control_generate_messages_check_deps_HomingAction
[  0%] Built target _dynamixel_ros_control_generate_messages_check_deps_HomingActionGoal
[  0%] Built target _dynamixel_ros_control_generate_messages_check_deps_HomingGoal
[  0%] Built target _dynamixel_ros_control_generate_messages_check_deps_HomingFeedback
[  0%] Built target _dynamixel_ros_control_generate_messages_check_deps_HomingResult
[  0%] Built target std_msgs_generate_messages_lisp
[35m[1mScanning dependencies of target actionlib_msgs_generate_messages_py[0m
[  0%] Built target _dynamixel_ros_control_generate_messages_check_deps_HomingActionResult
[35m[1mScanning dependencies of target std_msgs_generate_messages_nodejs[0m
[35m[1mScanning dependencies of target std_msgs_generate_messages_py[0m
[35m[1mScanning dependencies of target actionlib_msgs_generate_messages_nodejs[0m
[35m[1mScanning dependencies of target std_msgs_generate_messages_eus[0m
[35m[1mScanning dependencies of target actionlib_msgs_generate_messages_eus[0m
[35m[1mScanning dependencies of target dynamixel_ros_control_generate_messages_lisp[0m
[  0%] Built target actionlib_msgs_generate_messages_py
[  0%] Built target std_msgs_generate_messages_nodejs
[  0%] Built target std_msgs_generate_messages_py
[35m[1mScanning dependencies of target dynamixel_ros_control_generate_messages_cpp[0m
[  0%] Built target actionlib_msgs_generate_messages_nodejs
[  0%] Built target actionlib_msgs_generate_messages_eus
[  0%] Built target std_msgs_generate_messages_eus
[  2%] [34m[1mGenerating Lisp code from dynamixel_ros_control/HomingFeedback.msg[0m
[  4%] [34m[1mGenerating Lisp code from dynamixel_ros_control/HomingActionGoal.msg[0m
[  7%] [34m[1mGenerating Lisp code from dynamixel_ros_control/HomingResult.msg[0m
[  9%] [34m[1mGenerating Lisp code from dynamixel_ros_control/HomingAction.msg[0m
[ 12%] [34m[1mGenerating C++ code from dynamixel_ros_control/HomingActionGoal.msg[0m
[35m[1mScanning dependencies of target dynamixel_ros_control_generate_messages_py[0m
[ 14%] [34m[1mGenerating Lisp code from dynamixel_ros_control/HomingActionFeedback.msg[0m
[ 17%] [34m[1mGenerating Lisp code from dynamixel_ros_control/HomingActionResult.msg[0m
[35m[1mScanning dependencies of target dynamixel_ros_control_generate_messages_eus[0m
[ 19%] [34m[1mGenerating Python from MSG dynamixel_ros_control/HomingActionGoal[0m
[ 21%] [34m[1mGenerating EusLisp code from dynamixel_ros_control/HomingActionGoal.msg[0m
[ 24%] [34m[1mGenerating C++ code from dynamixel_ros_control/HomingFeedback.msg[0m
[ 26%] [34m[1mGenerating Lisp code from dynamixel_ros_control/HomingGoal.msg[0m
[ 29%] [34m[1mGenerating C++ code from dynamixel_ros_control/HomingResult.msg[0m
[ 34%] [34m[1mGenerating Python from MSG dynamixel_ros_control/HomingFeedback[0m
[ 34%] [34m[1mGenerating EusLisp code from dynamixel_ros_control/HomingFeedback.msg[0m
[ 36%] [34m[1mGenerating Python from MSG dynamixel_ros_control/HomingResult[0m
[ 36%] Built target dynamixel_ros_control_generate_messages_lisp
[ 39%] [34m[1mGenerating Python from MSG dynamixel_ros_control/HomingAction[0m
[ 41%] [34m[1mGenerating EusLisp code from dynamixel_ros_control/HomingResult.msg[0m
[ 43%] [34m[1mGenerating Python from MSG dynamixel_ros_control/HomingActionResult[0m
[ 46%] [34m[1mGenerating C++ code from dynamixel_ros_control/HomingAction.msg[0m
[ 48%] [34m[1mGenerating Python from MSG dynamixel_ros_control/HomingActionFeedback[0m
[ 51%] [34m[1mGenerating Python from MSG dynamixel_ros_control/HomingGoal[0m
[ 53%] [34m[1mGenerating EusLisp code from dynamixel_ros_control/HomingAction.msg[0m
[ 56%] [34m[1mGenerating EusLisp code from dynamixel_ros_control/HomingActionResult.msg[0m
[ 58%] [34m[1mGenerating EusLisp code from dynamixel_ros_control/HomingActionFeedback.msg[0m
[ 60%] [34m[1mGenerating EusLisp code from dynamixel_ros_control/HomingGoal.msg[0m
[ 63%] [34m[1mGenerating EusLisp manifest code for dynamixel_ros_control[0m
[ 65%] [34m[1mGenerating C++ code from dynamixel_ros_control/HomingActionResult.msg[0m
[ 68%] [34m[1mGenerating C++ code from dynamixel_ros_control/HomingActionFeedback.msg[0m
[ 70%] [34m[1mGenerating C++ code from dynamixel_ros_control/HomingGoal.msg[0m
[35m[1mScanning dependencies of target dynamixel_ros_control_generate_messages_nodejs[0m
[ 73%] [34m[1mGenerating Python msg __init__.py for dynamixel_ros_control[0m
[ 75%] [34m[1mGenerating Javascript code from dynamixel_ros_control/HomingActionGoal.msg[0m
[ 78%] [34m[1mGenerating Javascript code from dynamixel_ros_control/HomingFeedback.msg[0m
[ 80%] [34m[1mGenerating Javascript code from dynamixel_ros_control/HomingResult.msg[0m
[ 82%] [34m[1mGenerating Javascript code from dynamixel_ros_control/HomingAction.msg[0m
[ 85%] [34m[1mGenerating Javascript code from dynamixel_ros_control/HomingActionResult.msg[0m
[ 87%] [34m[1mGenerating Javascript code from dynamixel_ros_control/HomingActionFeedback.msg[0m
[ 90%] [34m[1mGenerating Javascript code from dynamixel_ros_control/HomingGoal.msg[0m
[ 90%] Built target dynamixel_ros_control_generate_messages_py
[ 90%] Built target dynamixel_ros_control_generate_messages_nodejs
[ 90%] Built target dynamixel_ros_control_generate_messages_cpp
[35m[1mScanning dependencies of target dynamixel_ros_control_node[0m
[ 92%] [32mBuilding CXX object CMakeFiles/dynamixel_ros_control_node.dir/src/dynamixel_ros_control_node.cpp.o[0m
[ 97%] [32mBuilding CXX object CMakeFiles/dynamixel_ros_control_node.dir/src/dynamixel_motor.cpp.o[0m
[ 97%] [32mBuilding CXX object CMakeFiles/dynamixel_ros_control_node.dir/src/dynamixel_hw_interface.cpp.o[0m
[ 97%] Built target dynamixel_ros_control_generate_messages_eus
[35m[1mScanning dependencies of target dynamixel_ros_control_generate_messages[0m
[ 97%] Built target dynamixel_ros_control_generate_messages
[100%] [32m[1mLinking CXX executable /home/ryan/robot_project/devel/.private/dynamixel_ros_control/lib/dynamixel_ros_control/dynamixel_ros_control_node[0m
[100%] Built target dynamixel_ros_control_node
