Symlinking /home/ryan/robot_project/devel/share/roseus/ros/dynamixel_ros_control/manifest.l
Symlinking /home/ryan/robot_project/devel/share/roseus/ros/dynamixel_ros_control/msg/HomingFeedback.l
Symlinking /home/ryan/robot_project/devel/share/roseus/ros/dynamixel_ros_control/msg/HomingActionGoal.l
Symlinking /home/ryan/robot_project/devel/share/roseus/ros/dynamixel_ros_control/msg/HomingAction.l
Symlinking /home/ryan/robot_project/devel/share/roseus/ros/dynamixel_ros_control/msg/HomingGoal.l
Symlinking /home/ryan/robot_project/devel/share/roseus/ros/dynamixel_ros_control/msg/HomingActionFeedback.l
Symlinking /home/ryan/robot_project/devel/share/roseus/ros/dynamixel_ros_control/msg/HomingResult.l
Symlinking /home/ryan/robot_project/devel/share/roseus/ros/dynamixel_ros_control/msg/HomingActionResult.l
Symlinking /home/ryan/robot_project/devel/share/gennodejs/ros/dynamixel_ros_control/_index.js
Symlinking /home/ryan/robot_project/devel/share/gennodejs/ros/dynamixel_ros_control/msg/HomingActionFeedback.js
Symlinking /home/ryan/robot_project/devel/share/gennodejs/ros/dynamixel_ros_control/msg/HomingGoal.js
Symlinking /home/ryan/robot_project/devel/share/gennodejs/ros/dynamixel_ros_control/msg/HomingResult.js
Symlinking /home/ryan/robot_project/devel/share/gennodejs/ros/dynamixel_ros_control/msg/HomingActionGoal.js
Symlinking /home/ryan/robot_project/devel/share/gennodejs/ros/dynamixel_ros_control/msg/HomingFeedback.js
Symlinking /home/ryan/robot_project/devel/share/gennodejs/ros/dynamixel_ros_control/msg/HomingActionResult.js
Symlinking /home/ryan/robot_project/devel/share/gennodejs/ros/dynamixel_ros_control/msg/_index.js
Symlinking /home/ryan/robot_project/devel/share/gennodejs/ros/dynamixel_ros_control/msg/HomingAction.js
Symlinking /home/ryan/robot_project/devel/share/common-lisp/ros/dynamixel_ros_control/msg/_package.lisp
Symlinking /home/ryan/robot_project/devel/share/common-lisp/ros/dynamixel_ros_control/msg/_package_HomingActionGoal.lisp
Symlinking /home/ryan/robot_project/devel/share/common-lisp/ros/dynamixel_ros_control/msg/HomingGoal.lisp
Symlinking /home/ryan/robot_project/devel/share/common-lisp/ros/dynamixel_ros_control/msg/HomingActionGoal.lisp
Symlinking /home/ryan/robot_project/devel/share/common-lisp/ros/dynamixel_ros_control/msg/dynamixel_ros_control-msg.asd
Symlinking /home/ryan/robot_project/devel/share/common-lisp/ros/dynamixel_ros_control/msg/HomingActionFeedback.lisp
Symlinking /home/ryan/robot_project/devel/share/common-lisp/ros/dynamixel_ros_control/msg/_package_HomingResult.lisp
Symlinking /home/ryan/robot_project/devel/share/common-lisp/ros/dynamixel_ros_control/msg/_package_HomingFeedback.lisp
Symlinking /home/ryan/robot_project/devel/share/common-lisp/ros/dynamixel_ros_control/msg/HomingActionResult.lisp
Symlinking /home/ryan/robot_project/devel/share/common-lisp/ros/dynamixel_ros_control/msg/_package_HomingAction.lisp
Symlinking /home/ryan/robot_project/devel/share/common-lisp/ros/dynamixel_ros_control/msg/_package_HomingActionResult.lisp
Symlinking /home/ryan/robot_project/devel/share/common-lisp/ros/dynamixel_ros_control/msg/HomingAction.lisp
Symlinking /home/ryan/robot_project/devel/share/common-lisp/ros/dynamixel_ros_control/msg/_package_HomingGoal.lisp
Symlinking /home/ryan/robot_project/devel/share/common-lisp/ros/dynamixel_ros_control/msg/HomingResult.lisp
Symlinking /home/ryan/robot_project/devel/share/common-lisp/ros/dynamixel_ros_control/msg/HomingFeedback.lisp
Symlinking /home/ryan/robot_project/devel/share/common-lisp/ros/dynamixel_ros_control/msg/_package_HomingActionFeedback.lisp
Symlinking /home/ryan/robot_project/devel/share/dynamixel_ros_control/msg/HomingActionFeedback.msg
Symlinking /home/ryan/robot_project/devel/share/dynamixel_ros_control/msg/HomingActionGoal.msg
Symlinking /home/ryan/robot_project/devel/share/dynamixel_ros_control/msg/HomingActionResult.msg
Symlinking /home/ryan/robot_project/devel/share/dynamixel_ros_control/msg/HomingGoal.msg
Symlinking /home/ryan/robot_project/devel/share/dynamixel_ros_control/msg/HomingFeedback.msg
Symlinking /home/ryan/robot_project/devel/share/dynamixel_ros_control/msg/HomingAction.msg
Symlinking /home/ryan/robot_project/devel/share/dynamixel_ros_control/msg/HomingResult.msg
Symlinking /home/ryan/robot_project/devel/share/dynamixel_ros_control/cmake/dynamixel_ros_control-msg-extras.cmake
Symlinking /home/ryan/robot_project/devel/share/dynamixel_ros_control/cmake/dynamixel_ros_control-msg-paths.cmake
Symlinking /home/ryan/robot_project/devel/share/dynamixel_ros_control/cmake/dynamixel_ros_controlConfig-version.cmake
Symlinking /home/ryan/robot_project/devel/share/dynamixel_ros_control/cmake/dynamixel_ros_controlConfig.cmake
Symlinking /home/ryan/robot_project/devel/include/dynamixel_ros_control/HomingGoal.h
Symlinking /home/ryan/robot_project/devel/include/dynamixel_ros_control/HomingAction.h
Symlinking /home/ryan/robot_project/devel/include/dynamixel_ros_control/HomingFeedback.h
Symlinking /home/ryan/robot_project/devel/include/dynamixel_ros_control/HomingResult.h
Symlinking /home/ryan/robot_project/devel/include/dynamixel_ros_control/HomingActionGoal.h
Symlinking /home/ryan/robot_project/devel/include/dynamixel_ros_control/HomingActionFeedback.h
Symlinking /home/ryan/robot_project/devel/include/dynamixel_ros_control/HomingActionResult.h
Symlinking /home/ryan/robot_project/devel/lib/pkgconfig/dynamixel_ros_control.pc
Symlinking /home/ryan/robot_project/devel/lib/python2.7/dist-packages/dynamixel_ros_control/__init__.py
Symlinking /home/ryan/robot_project/devel/lib/python2.7/dist-packages/dynamixel_ros_control/msg/_HomingActionGoal.py
Symlinking /home/ryan/robot_project/devel/lib/python2.7/dist-packages/dynamixel_ros_control/msg/_HomingGoal.py
Symlinking /home/ryan/robot_project/devel/lib/python2.7/dist-packages/dynamixel_ros_control/msg/_HomingAction.py
Symlinking /home/ryan/robot_project/devel/lib/python2.7/dist-packages/dynamixel_ros_control/msg/__init__.py
Symlinking /home/ryan/robot_project/devel/lib/python2.7/dist-packages/dynamixel_ros_control/msg/_HomingActionResult.py
Symlinking /home/ryan/robot_project/devel/lib/python2.7/dist-packages/dynamixel_ros_control/msg/_HomingActionFeedback.py
Symlinking /home/ryan/robot_project/devel/lib/python2.7/dist-packages/dynamixel_ros_control/msg/_HomingFeedback.py
Symlinking /home/ryan/robot_project/devel/lib/python2.7/dist-packages/dynamixel_ros_control/msg/_HomingResult.py
Symlinking /home/ryan/robot_project/devel/lib/dynamixel_ros_control/dynamixel_ros_control_node
